<?xml version="1.0" encoding="UTF-8"?>
<!-- Generated by org.testng.reporters.JUnitXMLReporter -->
<testsuite hostname="MAHADEV-PC" name="Test" tests="2" failures="0" timestamp="14 May 2018 20:33:11 GMT" time="656.398" errors="0">
  <testcase name="@BeforeMethod launchBrowser" time="0.0" classname="WebdriverPro.web.tests.LoginTest">
    <failure type="org.openqa.selenium.WebDriverException" message="Sauce could not start your job. For more information on what happened, please visit https://saucelabs.com/jobs/30da666f0a9d49b4a051fd659ef964e7 (WARNING: The server did not provide any stacktrace information)
Command duration or timeout: 605.06 seconds
Build info: version: &amp;apos;2.53.1&amp;apos;, revision: &amp;apos;a36b8b1cd5757287168e54b817830adce9b0158d&amp;apos;, time: &amp;apos;2016-06-30 19:26:09&amp;apos;
System info: host: &amp;apos;MAHADEV-PC&amp;apos;, ip: &amp;apos;192.168.148.1&amp;apos;, os.name: &amp;apos;Windows 7&amp;apos;, os.arch: &amp;apos;amd64&amp;apos;, os.version: &amp;apos;6.1&amp;apos;, java.version: &amp;apos;1.8.0_152&amp;apos;
Driver info: org.openqa.selenium.remote.RemoteWebDriver">
      <![CDATA[org.openqa.selenium.WebDriverException: Sauce could not start your job. For more information on what happened, please visit https://saucelabs.com/jobs/30da666f0a9d49b4a051fd659ef964e7 (WARNING: The server did not provide any stacktrace information)
Command duration or timeout: 605.06 seconds
Build info: version: '2.53.1', revision: 'a36b8b1cd5757287168e54b817830adce9b0158d', time: '2016-06-30 19:26:09'
System info: host: 'MAHADEV-PC', ip: '192.168.148.1', os.name: 'Windows 7', os.arch: 'amd64', os.version: '6.1', java.version: '1.8.0_152'
Driver info: org.openqa.selenium.remote.RemoteWebDriver
	at org.openqa.selenium.remote.ErrorHandler.createThrowable(ErrorHandler.java:206)
	at org.openqa.selenium.remote.ErrorHandler.throwIfResponseFailed(ErrorHandler.java:158)
	at org.openqa.selenium.remote.RemoteWebDriver.execute(RemoteWebDriver.java:678)
	at org.openqa.selenium.remote.RemoteWebDriver.startSession(RemoteWebDriver.java:249)
	at org.openqa.selenium.remote.RemoteWebDriver.<init>(RemoteWebDriver.java:131)
	at org.openqa.selenium.remote.RemoteWebDriver.<init>(RemoteWebDriver.java:158)
	at WebdriverPro.web.framework.WebdriverManager.getDriver(Unknown Source)
	at WebdriverPro.web.framework.WebdriverTestBase.launchBrowser(WebdriverTestBase.java:31)
... Removed 30 stack frames]]>
    </failure>
  </testcase> <!-- @BeforeMethod launchBrowser -->
  <testcase name="@AfterMethod takeScreenshot" time="0.0" classname="WebdriverPro.web.tests.LoginTest">
    <skipped/>
  </testcase> <!-- @AfterMethod takeScreenshot -->
  <testcase name="@AfterMethod quitBrowser" time="0.0" classname="WebdriverPro.web.tests.LoginTest">
    <failure type="java.lang.NullPointerException">
      <![CDATA[java.lang.NullPointerException
	at WebdriverPro.web.framework.WebdriverTestBase.quitBrowser(WebdriverTestBase.java:40)
... Removed 26 stack frames]]>
    </failure>
  </testcase> <!-- @AfterMethod quitBrowser -->
  <testcase name="@BeforeMethod launchBrowser" time="0.0" classname="WebdriverPro.web.tests.LoginTest">
    <failure type="java.lang.Error" message="Unresolved compilation problem: 
	URL cannot be resolved to a variable
">
      <![CDATA[java.lang.Error: Unresolved compilation problem: 
	URL cannot be resolved to a variable

	at WebdriverPro.web.framework.WebdriverManager.getDriver(WebdriverManager.java:60)
	at WebdriverPro.web.framework.WebdriverTestBase.launchBrowser(WebdriverTestBase.java:31)
... Removed 26 stack frames]]>
    </failure>
  </testcase> <!-- @BeforeMethod launchBrowser -->
  <testcase name="@AfterMethod takeScreenshot" time="0.0" classname="WebdriverPro.web.tests.LoginTest">
    <skipped/>
  </testcase> <!-- @AfterMethod takeScreenshot -->
  <testcase name="@AfterMethod quitBrowser" time="0.0" classname="WebdriverPro.web.tests.LoginTest">
    <failure type="java.lang.NullPointerException">
      <![CDATA[java.lang.NullPointerException
	at WebdriverPro.web.framework.WebdriverTestBase.quitBrowser(WebdriverTestBase.java:40)
... Removed 26 stack frames]]>
    </failure>
  </testcase> <!-- @AfterMethod quitBrowser -->
  <testcase name="test2" time="0.005" classname="WebdriverPro.web.tests.LoginTest">
    <skipped/>
  </testcase> <!-- test2 -->
  <testcase name="verifyHomePage" time="0.027" classname="WebdriverPro.web.tests.LoginTest">
    <skipped/>
  </testcase> <!-- verifyHomePage -->
</testsuite> <!-- Test -->
